<?xml version="1.0" encoding="UTF-8"?>
<!-- Generated by org.testng.reporters.JUnitReportReporter -->
<testsuite hostname="Bhabani_Pro" failures="0" tests="5" name="runner.TestRunner" time="51.220" errors="0" timestamp="2024-09-22T13:02:06 IST" skipped="0">
  <testcase classname="runner.TestRunner" name="runScenario" time="10.820"/>
  <testcase classname="runner.TestRunner" name="runScenario" time="11.100"/>
  <testcase classname="runner.TestRunner" name="runScenario" time="10.399"/>
  <testcase classname="runner.TestRunner" name="runScenario" time="9.765"/>
  <testcase classname="runner.TestRunner" name="runScenario" time="9.136"/>
</testsuite> <!-- runner.TestRunner -->
